0 verbose cli /usr/local/bin/node /usr/local/bin/npm
1 info using npm@10.8.2
2 info using node@v20.19.5
3 silly config load:file:/usr/local/lib/node_modules/npm/npmrc
4 warn config production Use `--omit=dev` instead.
5 silly config load:file:/home/vscode/.npmrc
6 silly config load:file:/usr/local/etc/npmrc
7 verbose title npm list
8 verbose argv "list" "--production" "--parseable" "--depth" "99999" "--loglevel" "error"
9 verbose logfile logs-max:10 dir:/home/vscode/.npm/_logs/2025-10-17T16_37_24_061Z-
10 verbose logfile /home/vscode/.npm/_logs/2025-10-17T16_37_24_061Z-debug-0.log
11 silly packumentCache heap:2197815296 maxSize:549453824 maxEntrySize:274726912
12 silly logfile start cleaning logs, removing 1 files
13 silly logfile done cleaning log files
14 verbose shrinkwrap failed to load node_modules/.package-lock.json out of date, updated: node_modules
15 verbose cwd /home/vscode
16 verbose os Linux 6.10.14-linuxkit
17 verbose node v20.19.5
18 verbose npm  v10.8.2
19 verbose exit 0
20 info ok
